# JRE version: Java(TM) SE Runtime Environment (17.0.6+9) (build 17.0.6+9-LTS-190)
# Java VM: Java HotSpot(TM) 64-Bit Server VM (17.0.6+9-LTS-190, mixed mode, emulated-client, sharing, tiered, compressed oops, compressed class ptrs, g1 gc, windows-amd64)
GC Precious Log:
 CPUs: 8 total, 8 available
 Memory: 7934M
 Large Page Support: Disabled
 NUMA Support: Disabled
 Compressed Oops: Enabled (32-bit)
 Heap Region Size: 1M
 Heap Min Capacity: 8M
 Heap Initial Capacity: 124M
 Heap Max Capacity: 1984M
 Pre-touch: Disabled
 Parallel Workers: 8
 Concurrent Workers: 2
 Concurrent Refinement Workers: 8
 Periodic GC: Disabled
Heap:
 garbage-first heap   total 165888K, used 42245K [0x0000000084000000, 0x0000000100000000)
  region size 1024K, 8 young (8192K), 7 survivors (7168K)
 Metaspace       used 68941K, committed 69696K, reserved 1114112K
  class space    used 9536K, committed 9920K, reserved 1048576K
GC Heap History (20 events):
Event: 7.509 GC heap before
{Heap before GC invocations=20 (full 0):
 garbage-first heap   total 88064K, used 72576K [0x0000000084000000, 0x0000000100000000)
  region size 1024K, 41 young (41984K), 3 survivors (3072K)
 Metaspace       used 60246K, committed 60864K, reserved 1105920K
  class space    used 8329K, committed 8640K, reserved 1048576K
}
Event: 7.512 GC heap after
{Heap after GC invocations=21 (full 0):
 garbage-first heap   total 88064K, used 34845K [0x0000000084000000, 0x0000000100000000)
  region size 1024K, 5 young (5120K), 5 survivors (5120K)
 Metaspace       used 60246K, committed 60864K, reserved 1105920K
  class space    used 8329K, committed 8640K, reserved 1048576K
}
Event: 7.520 GC heap before
{Heap before GC invocations=21 (full 0):
 garbage-first heap   total 88064K, used 35869K [0x0000000084000000, 0x0000000100000000)
  region size 1024K, 6 young (6144K), 5 survivors (5120K)
 Metaspace       used 60289K, committed 60928K, reserved 1105920K
  class space    used 8333K, committed 8640K, reserved 1048576K
}
Event: 7.523 GC heap after
{Heap after GC invocations=22 (full 0):
 garbage-first heap   total 88064K, used 34972K [0x0000000084000000, 0x0000000100000000)
  region size 1024K, 1 young (1024K), 1 survivors (1024K)
 Metaspace       used 60289K, committed 60928K, reserved 1105920K
  class space    used 8333K, committed 8640K, reserved 1048576K
}
Event: 7.664 GC heap before
{Heap before GC invocations=22 (full 0):
 garbage-first heap   total 88064K, used 71836K [0x0000000084000000, 0x0000000100000000)
  region size 1024K, 37 young (37888K), 1 survivors (1024K)
 Metaspace       used 60649K, committed 61312K, reserved 1105920K
  class space    used 8376K, committed 8704K, reserved 1048576K
}
Event: 7.665 GC heap after
{Heap after GC invocations=23 (full 0):
 garbage-first heap   total 88064K, used 35626K [0x0000000084000000, 0x0000000100000000)
  region size 1024K, 2 young (2048K), 2 survivors (2048K)
 Metaspace       used 60649K, committed 61312K, reserved 1105920K
  class space    used 8376K, committed 8704K, reserved 1048576K
}
Event: 7.951 GC heap before
{Heap before GC invocations=23 (full 0):
 garbage-first heap   total 88064K, used 72490K [0x0000000084000000, 0x0000000100000000)
  region size 1024K, 38 young (38912K), 2 survivors (2048K)
 Metaspace       used 62273K, committed 62912K, reserved 1105920K
  class space    used 8624K, committed 8896K, reserved 1048576K
}
Event: 7.954 GC heap after
{Heap after GC invocations=24 (full 0):
 garbage-first heap   total 88064K, used 37705K [0x0000000084000000, 0x0000000100000000)
  region size 1024K, 4 young (4096K), 4 survivors (4096K)
 Metaspace       used 62273K, committed 62912K, reserved 1105920K
  class space    used 8624K, committed 8896K, reserved 1048576K
}
Event: 106.006 GC heap before
{Heap before GC invocations=24 (full 0):
 garbage-first heap   total 88064K, used 71497K [0x0000000084000000, 0x0000000100000000)
  region size 1024K, 37 young (37888K), 4 survivors (4096K)
 Metaspace       used 63550K, committed 64192K, reserved 1105920K
  class space    used 8811K, committed 9152K, reserved 1048576K
}
Event: 106.009 GC heap after
{Heap after GC invocations=25 (full 0):
 garbage-first heap   total 165888K, used 39098K [0x0000000084000000, 0x0000000100000000)
  region size 1024K, 4 young (4096K), 4 survivors (4096K)
 Metaspace       used 63550K, committed 64192K, reserved 1105920K
  class space    used 8811K, committed 9152K, reserved 1048576K
}
Event: 342.762 GC heap before
{Heap before GC invocations=25 (full 0):
 garbage-first heap   total 165888K, used 129210K [0x0000000084000000, 0x0000000100000000)
  region size 1024K, 93 young (95232K), 4 survivors (4096K)
 Metaspace       used 68807K, committed 69568K, reserved 1114112K
  class space    used 9509K, committed 9920K, reserved 1048576K
}
Event: 342.766 GC heap after
{Heap after GC invocations=26 (full 0):
 garbage-first heap   total 165888K, used 41786K [0x0000000084000000, 0x0000000100000000)
  region size 1024K, 7 young (7168K), 7 survivors (7168K)
 Metaspace       used 68807K, committed 69568K, reserved 1114112K
  class space    used 9509K, committed 9920K, reserved 1048576K
}
Event: 716.712 GC heap before
{Heap before GC invocations=26 (full 0):
 garbage-first heap   total 165888K, used 133946K [0x0000000084000000, 0x0000000100000000)
  region size 1024K, 97 young (99328K), 7 survivors (7168K)
 Metaspace       used 68928K, committed 69696K, reserved 1114112K
  class space    used 9534K, committed 9920K, reserved 1048576K
}
Event: 716.716 GC heap after
{Heap after GC invocations=27 (full 0):
 garbage-first heap   total 165888K, used 41627K [0x0000000084000000, 0x0000000100000000)
  region size 1024K, 6 young (6144K), 6 survivors (6144K)
 Metaspace       used 68928K, committed 69696K, reserved 1114112K
  class space    used 9534K, committed 9920K, reserved 1048576K
}
Event: 1170.952 GC heap before
{Heap before GC invocations=27 (full 0):
 garbage-first heap   total 165888K, used 134811K [0x0000000084000000, 0x0000000100000000)
  region size 1024K, 97 young (99328K), 6 survivors (6144K)
 Metaspace       used 68928K, committed 69696K, reserved 1114112K
  class space    used 9534K, committed 9920K, reserved 1048576K
}
Event: 1170.956 GC heap after
{Heap after GC invocations=28 (full 0):
 garbage-first heap   total 165888K, used 41903K [0x0000000084000000, 0x0000000100000000)
  region size 1024K, 7 young (7168K), 7 survivors (7168K)
 Metaspace       used 68928K, committed 69696K, reserved 1114112K
  class space    used 9534K, committed 9920K, reserved 1048576K
}
Event: 1568.976 GC heap before
{Heap before GC invocations=28 (full 0):
 garbage-first heap   total 165888K, used 134063K [0x0000000084000000, 0x0000000100000000)
  region size 1024K, 97 young (99328K), 7 survivors (7168K)
 Metaspace       used 68930K, committed 69696K, reserved 1114112K
  class space    used 9534K, committed 9920K, reserved 1048576K
}
Event: 1568.981 GC heap after
{Heap after GC invocations=29 (full 0):
 garbage-first heap   total 165888K, used 41769K [0x0000000084000000, 0x0000000100000000)
  region size 1024K, 7 young (7168K), 7 survivors (7168K)
 Metaspace       used 68930K, committed 69696K, reserved 1114112K
  class space    used 9534K, committed 9920K, reserved 1048576K
}
Event: 2030.959 GC heap before
{Heap before GC invocations=29 (full 0):
 garbage-first heap   total 165888K, used 133929K [0x0000000084000000, 0x0000000100000000)
  region size 1024K, 97 young (99328K), 7 survivors (7168K)
 Metaspace       used 68941K, committed 69696K, reserved 1114112K
  class space    used 9536K, committed 9920K, reserved 1048576K
}
Event: 2030.982 GC heap after
{Heap after GC invocations=30 (full 0):
 garbage-first heap   total 165888K, used 42245K [0x0000000084000000, 0x0000000100000000)
  region size 1024K, 7 young (7168K), 7 survivors (7168K)
 Metaspace       used 68941K, committed 69696K, reserved 1114112K
  class space    used 9536K, committed 9920K, reserved 1048576K
}

